2017-08-01 13:33:13 ERROR SessionFactoryUtil:95 - org.hibernate.service.spi.ServiceException: Unable to create requested service [org.hibernate.engine.jdbc.env.spi.JdbcEnvironment]
2017-08-01 13:33:52 ERROR SessionFactoryUtil:95 - org.hibernate.service.spi.ServiceException: Unable to create requested service [org.hibernate.engine.jdbc.env.spi.JdbcEnvironment]
2017-08-01 13:34:10 ERROR SessionFactoryUtil:95 - org.hibernate.service.spi.ServiceException: Unable to create requested service [org.hibernate.engine.jdbc.env.spi.JdbcEnvironment]
2017-08-01 13:34:28 ERROR SessionFactoryUtil:95 - org.hibernate.service.spi.ServiceException: Unable to create requested service [org.hibernate.engine.jdbc.env.spi.JdbcEnvironment]
2017-08-17 10:38:31 ERROR SessionFactoryUtil:95 - org.hibernate.service.spi.ServiceException: Unable to create requested service [org.hibernate.engine.jdbc.env.spi.JdbcEnvironment]
2017-08-17 10:42:24 ERROR SessionFactoryUtil:95 - org.hibernate.service.spi.ServiceException: Unable to create requested service [org.hibernate.engine.jdbc.env.spi.JdbcEnvironment]
2017-08-17 10:44:34 ERROR SessionFactoryUtil:95 - org.hibernate.service.spi.ServiceException: Unable to create requested service [org.hibernate.engine.jdbc.env.spi.JdbcEnvironment]
2017-08-17 10:45:05 ERROR SessionFactoryUtil:95 - org.hibernate.service.spi.ServiceException: Unable to create requested service [org.hibernate.engine.jdbc.env.spi.JdbcEnvironment]
2017-08-17 10:47:46 ERROR SessionFactoryUtil:95 - org.hibernate.service.spi.ServiceException: Unable to create requested service [org.hibernate.engine.jdbc.env.spi.JdbcEnvironment]
2017-08-17 10:48:01 ERROR SessionFactoryUtil:95 - org.hibernate.service.spi.ServiceException: Unable to create requested service [org.hibernate.engine.jdbc.env.spi.JdbcEnvironment]
2017-08-17 10:50:21 ERROR SessionFactoryUtil:95 - org.hibernate.service.spi.ServiceException: Unable to create requested service [org.hibernate.engine.jdbc.env.spi.JdbcEnvironment]
2017-08-17 10:54:41 ERROR SessionFactoryUtil:95 - org.hibernate.service.spi.ServiceException: Unable to create requested service [org.hibernate.engine.jdbc.env.spi.JdbcEnvironment]
2017-08-30 10:32:41 ERROR SessionFactoryUtil:95 - org.hibernate.service.spi.ServiceException: Unable to create requested service [org.hibernate.engine.jdbc.env.spi.JdbcEnvironment]
2017-08-30 10:33:09 ERROR SessionFactoryUtil:95 - org.hibernate.service.spi.ServiceException: Unable to create requested service [org.hibernate.engine.jdbc.env.spi.JdbcEnvironment]
2017-08-30 12:23:13 ERROR SqlExceptionHelper:129 - Invalid object name 'sms_sent'.
2017-08-30 12:24:04 ERROR SqlExceptionHelper:129 - Invalid object name 'sms_received'.
2017-08-30 12:25:26 ERROR SqlExceptionHelper:129 - Invalid column name 'message'.
2017-08-30 12:25:58 ERROR SqlExceptionHelper:129 - There is already an object named 'SMS_RECEIVED' in the database.
2017-08-30 12:26:20 ERROR SqlExceptionHelper:129 - Invalid column name 'message'.
2017-08-30 12:29:07 ERROR SqlExceptionHelper:129 - There is already an object named 'SMS_RECEIVED' in the database.
2017-08-30 12:31:12 ERROR SqlExceptionHelper:129 - There is already an object named 'SMS_RECEIVED' in the database.
2017-08-30 12:34:06 ERROR SessionFactoryUtil:95 - org.hibernate.service.spi.ServiceException: Unable to create requested service [org.hibernate.engine.jdbc.env.spi.JdbcEnvironment]
2017-08-30 12:35:31 ERROR SessionFactoryUtil:95 - org.hibernate.service.spi.ServiceException: Unable to create requested service [org.hibernate.engine.jdbc.env.spi.JdbcEnvironment]
2017-08-30 12:36:03 ERROR SessionFactoryUtil:95 - org.hibernate.service.spi.ServiceException: Unable to create requested service [org.hibernate.engine.jdbc.env.spi.JdbcEnvironment]
2017-09-01 11:26:22 ERROR SessionFactoryUtil:95 - org.hibernate.service.spi.ServiceException: Unable to create requested service [org.hibernate.engine.jdbc.env.spi.JdbcEnvironment]
2017-09-01 11:26:48 ERROR SessionFactoryUtil:95 - org.hibernate.service.spi.ServiceException: Unable to create requested service [org.hibernate.engine.jdbc.env.spi.JdbcEnvironment]
2017-09-01 12:03:43 ERROR SqlExceptionHelper:129 - Invalid column name 'message'.
2017-09-06 14:29:14 ERROR SqlExceptionHelper:129 - Invalid object name 'VIEW_SMS_JURNAL'.
2017-09-06 14:29:16 ERROR SqlExceptionHelper:129 - Invalid object name 'VIEW_SMS_JURNAL'.
2017-09-06 14:29:44 ERROR SqlExceptionHelper:129 - Invalid object name 'VIEW_SMS_JURNAL'.
2017-09-06 14:29:56 ERROR SqlExceptionHelper:129 - Invalid column name 'is_sms_sent'.
2017-09-06 14:29:56 ERROR SqlExceptionHelper:129 - Invalid column name 'is_sms_sent'.
2017-09-06 14:29:56 ERROR SqlExceptionHelper:129 - Invalid column name 'is_sms_sent'.
2017-09-06 14:30:02 ERROR SqlExceptionHelper:129 - Invalid column name 'is_sms_sent'.
2017-09-06 14:30:02 ERROR SqlExceptionHelper:129 - Invalid column name 'is_sms_sent'.
2017-09-06 14:30:02 ERROR SqlExceptionHelper:129 - Invalid column name 'is_sms_sent'.
2017-09-06 14:30:24 ERROR SqlExceptionHelper:129 - Invalid object name 'VIEW_SMS_JURNAL'.
2017-09-06 14:33:20 ERROR SqlExceptionHelper:129 - Invalid object name 'VIEW_SMS_JURNAL'.
2017-09-28 20:36:12 ERROR SessionFactoryUtil:95 - org.hibernate.service.spi.ServiceException: Unable to create requested service [org.hibernate.engine.jdbc.env.spi.JdbcEnvironment]
2017-10-27 13:08:40 ERROR SessionFactoryUtil:95 - org.hibernate.service.spi.ServiceException: Unable to create requested service [org.hibernate.engine.jdbc.env.spi.JdbcEnvironment]
2017-10-27 13:08:55 ERROR SessionFactoryUtil:95 - org.hibernate.service.spi.ServiceException: Unable to create requested service [org.hibernate.engine.jdbc.env.spi.JdbcEnvironment]
2017-10-27 13:09:45 ERROR SqlExceptionHelper:129 - Invalid column name 'is_sms_sent'.
2017-10-27 13:09:45 ERROR SqlExceptionHelper:129 - Invalid column name 'is_sms_sent'.
2017-10-27 13:09:45 ERROR SqlExceptionHelper:129 - Invalid column name 'is_sms_sent'.
2017-11-01 13:55:04 ERROR SqlExceptionHelper:129 - Invalid column name 'is_sms_sent'.
2017-11-01 13:55:04 ERROR SqlExceptionHelper:129 - Invalid column name 'is_sms_sent'.
2017-11-01 13:55:04 ERROR SqlExceptionHelper:129 - Invalid column name 'is_sms_sent'.
2017-11-21 12:00:11 ERROR SessionFactoryUtil:95 - org.hibernate.service.spi.ServiceException: Unable to create requested service [org.hibernate.engine.jdbc.env.spi.JdbcEnvironment]
2017-11-21 12:32:32 ERROR SessionFactoryUtil:95 - org.hibernate.service.spi.ServiceException: Unable to create requested service [org.hibernate.engine.jdbc.env.spi.JdbcEnvironment]
2017-11-21 12:33:09 ERROR SessionFactoryUtil:95 - org.hibernate.service.spi.ServiceException: Unable to create requested service [org.hibernate.engine.jdbc.env.spi.JdbcEnvironment]
2017-11-21 12:40:17 ERROR SessionFactoryUtil:95 - org.hibernate.service.spi.ServiceException: Unable to create requested service [org.hibernate.engine.jdbc.env.spi.JdbcEnvironment]
2017-11-21 12:48:39 ERROR SessionFactoryUtil:95 - org.hibernate.service.spi.ServiceException: Unable to create requested service [org.hibernate.engine.jdbc.env.spi.JdbcEnvironment]
2017-11-21 12:48:48 ERROR SessionFactoryUtil:95 - org.hibernate.service.spi.ServiceException: Unable to create requested service [org.hibernate.engine.jdbc.env.spi.JdbcEnvironment]
2017-11-21 12:52:33 ERROR SqlExceptionHelper:129 - Invalid object name 'VIEW_CATEGORYMAIN_CATEGORYSUB_CUSTOMER'.
2017-11-21 16:22:29 ERROR SessionFactoryUtil:95 - org.hibernate.service.spi.ServiceException: Unable to create requested service [org.hibernate.engine.jdbc.env.spi.JdbcEnvironment]
2017-11-21 16:25:01 ERROR SqlExceptionHelper:129 - Invalid object name 'sms_sent'.
2018-01-11 11:28:42 ERROR SessionFactoryUtil:95 - org.hibernate.service.spi.ServiceException: Unable to create requested service [org.hibernate.engine.jdbc.env.spi.JdbcEnvironment]
2018-01-11 11:29:21 ERROR SessionFactoryUtil:95 - org.hibernate.service.spi.ServiceException: Unable to create requested service [org.hibernate.engine.jdbc.env.spi.JdbcEnvironment]
2018-01-11 12:21:38 ERROR SessionFactoryUtil:95 - org.hibernate.service.spi.ServiceException: Unable to create requested service [org.hibernate.engine.jdbc.env.spi.JdbcEnvironment]
2018-01-11 12:26:35 ERROR SessionFactoryUtil:95 - org.hibernate.service.spi.ServiceException: Unable to create requested service [org.hibernate.engine.jdbc.env.spi.JdbcEnvironment]
2018-01-21 19:47:54 ERROR SessionFactoryUtil:95 - org.hibernate.service.spi.ServiceException: Unable to create requested service [org.hibernate.engine.jdbc.env.spi.JdbcEnvironment]
2018-01-21 19:49:43 ERROR SqlExceptionHelper:129 - Invalid object name 'VIEW_CATEGORYMAIN_CATEGORYSUB_CUSTOMER'.
2018-01-21 19:51:44 ERROR SqlExceptionHelper:129 - Invalid object name 'VIEW_CATEGORYMAIN_CATEGORYSUB_CUSTOMER'.
2018-01-21 19:52:33 ERROR SqlExceptionHelper:129 - Invalid column name 'CM_OFFICE_NO'.
2019-03-27 08:09:43 ERROR SessionFactoryUtil:95 - org.hibernate.service.spi.ServiceException: Unable to create requested service [org.hibernate.engine.jdbc.env.spi.JdbcEnvironment]
2019-03-27 08:10:51 ERROR SessionFactoryUtil:95 - org.hibernate.service.spi.ServiceException: Unable to create requested service [org.hibernate.engine.jdbc.env.spi.JdbcEnvironment]
2019-03-27 08:11:24 ERROR SessionFactoryUtil:95 - org.hibernate.service.spi.ServiceException: Unable to create requested service [org.hibernate.engine.jdbc.env.spi.JdbcEnvironment]
2019-03-27 08:11:52 ERROR SessionFactoryUtil:95 - org.hibernate.service.spi.ServiceException: Unable to create requested service [org.hibernate.engine.jdbc.env.spi.JdbcEnvironment]
2019-03-27 08:13:19 ERROR SessionFactoryUtil:95 - org.hibernate.service.spi.ServiceException: Unable to create requested service [org.hibernate.engine.jdbc.env.spi.JdbcEnvironment]
2019-03-27 09:58:06 ERROR SessionFactoryUtil:95 - org.hibernate.service.spi.ServiceException: Unable to create requested service [org.hibernate.engine.jdbc.env.spi.JdbcEnvironment]
2019-03-27 09:58:47 ERROR SessionFactoryUtil:95 - org.hibernate.service.spi.ServiceException: Unable to create requested service [org.hibernate.engine.jdbc.env.spi.JdbcEnvironment]
2019-03-27 09:59:08 ERROR SessionFactoryUtil:95 - org.hibernate.service.spi.ServiceException: Unable to create requested service [org.hibernate.engine.jdbc.env.spi.JdbcEnvironment]
2019-03-27 10:09:19 ERROR SessionFactoryUtil:95 - org.hibernate.service.spi.ServiceException: Unable to create requested service [org.hibernate.engine.jdbc.env.spi.JdbcEnvironment]
2019-03-27 10:12:40 ERROR SessionFactoryUtil:95 - org.hibernate.service.spi.ServiceException: Unable to create requested service [org.hibernate.engine.jdbc.env.spi.JdbcEnvironment]
2019-03-27 10:40:17 ERROR SessionFactoryUtil:95 - org.hibernate.service.spi.ServiceException: Unable to create requested service [org.hibernate.engine.jdbc.env.spi.JdbcEnvironment]
2019-03-27 10:53:06 ERROR SessionFactoryUtil:95 - org.hibernate.service.spi.ServiceException: Unable to create requested service [org.hibernate.engine.jdbc.env.spi.JdbcEnvironment]
2019-03-27 10:54:41 ERROR SessionFactoryUtil:95 - org.hibernate.service.spi.ServiceException: Unable to create requested service [org.hibernate.engine.jdbc.env.spi.JdbcEnvironment]
2019-03-27 10:56:28 ERROR SessionFactoryUtil:95 - org.hibernate.service.spi.ServiceException: Unable to create requested service [org.hibernate.engine.jdbc.env.spi.JdbcEnvironment]
2019-03-27 10:56:32 ERROR SessionFactoryUtil:95 - org.hibernate.service.spi.ServiceException: Unable to create requested service [org.hibernate.engine.jdbc.env.spi.JdbcEnvironment]
2019-03-28 12:07:52 ERROR SessionFactoryUtil:95 - org.hibernate.service.spi.ServiceException: Unable to create requested service [org.hibernate.engine.jdbc.env.spi.JdbcEnvironment]
2019-03-28 22:04:50 ERROR SqlExceptionHelper:129 - Data truncation
2019-03-28 22:04:50 ERROR SqlExceptionHelper:129 - String or binary data would be truncated.
2019-03-28 22:04:50 ERROR SessionImpl:2925 - HHH000346: Error during managed flush [could not execute statement]
2019-03-28 22:05:21 ERROR SqlExceptionHelper:129 - Data truncation
2019-03-28 22:05:21 ERROR SqlExceptionHelper:129 - String or binary data would be truncated.
2019-03-28 22:05:21 ERROR SessionImpl:2925 - HHH000346: Error during managed flush [could not execute statement]
2019-03-28 22:18:24 ERROR SqlExceptionHelper:129 - Data truncation
2019-03-28 22:18:24 ERROR SqlExceptionHelper:129 - String or binary data would be truncated.
2019-03-28 22:18:24 ERROR SessionImpl:2925 - HHH000346: Error during managed flush [could not execute statement]
2019-03-28 22:22:24 ERROR SqlExceptionHelper:129 - Data truncation
2019-03-28 22:22:24 ERROR SqlExceptionHelper:129 - String or binary data would be truncated.
2019-03-28 22:22:24 ERROR SessionImpl:2925 - HHH000346: Error during managed flush [could not execute statement]
2019-03-28 22:22:41 ERROR SqlExceptionHelper:129 - Data truncation
2019-03-28 22:22:41 ERROR SqlExceptionHelper:129 - String or binary data would be truncated.
2019-03-28 22:22:41 ERROR SessionImpl:2925 - HHH000346: Error during managed flush [could not execute statement]
2019-03-28 22:22:50 ERROR SqlExceptionHelper:129 - Data truncation
2019-03-28 22:22:50 ERROR SqlExceptionHelper:129 - String or binary data would be truncated.
2019-03-28 22:22:50 ERROR SessionImpl:2925 - HHH000346: Error during managed flush [could not execute statement]
2019-03-28 22:23:20 ERROR SqlExceptionHelper:129 - Data truncation
2019-03-28 22:23:20 ERROR SqlExceptionHelper:129 - String or binary data would be truncated.
2019-03-28 22:23:20 ERROR SessionImpl:2925 - HHH000346: Error during managed flush [could not execute statement]
2019-03-29 09:14:34 ERROR SqlExceptionHelper:129 - Data truncation
2019-03-29 09:14:34 ERROR SqlExceptionHelper:129 - String or binary data would be truncated.
2019-03-29 09:14:34 ERROR SessionImpl:2925 - HHH000346: Error during managed flush [could not execute statement]
2019-03-29 09:15:58 ERROR SqlExceptionHelper:129 - Data truncation
2019-03-29 09:15:58 ERROR SqlExceptionHelper:129 - String or binary data would be truncated.
2019-03-29 09:15:58 ERROR SessionImpl:2925 - HHH000346: Error during managed flush [could not execute statement]
2019-03-29 09:15:58 ERROR SqlExceptionHelper:129 - Data truncation
2019-03-29 09:15:58 ERROR SqlExceptionHelper:129 - String or binary data would be truncated.
2019-03-29 09:15:58 ERROR SessionImpl:2925 - HHH000346: Error during managed flush [could not execute statement]
2019-03-29 09:57:45 ERROR SqlExceptionHelper:129 - Data truncation
2019-03-29 09:57:45 ERROR SqlExceptionHelper:129 - String or binary data would be truncated.
2019-03-29 09:57:45 ERROR SessionImpl:2925 - HHH000346: Error during managed flush [could not execute statement]
2019-03-29 09:58:14 ERROR SqlExceptionHelper:129 - Data truncation
2019-03-29 09:58:14 ERROR SqlExceptionHelper:129 - String or binary data would be truncated.
2019-03-29 09:58:14 ERROR SessionImpl:2925 - HHH000346: Error during managed flush [could not execute statement]
2019-03-29 10:05:17 ERROR SqlExceptionHelper:129 - Data truncation
2019-03-29 10:05:17 ERROR SqlExceptionHelper:129 - String or binary data would be truncated.
2019-03-29 10:05:17 ERROR SessionImpl:2925 - HHH000346: Error during managed flush [could not execute statement]
2019-03-29 10:06:11 ERROR SqlExceptionHelper:129 - Data truncation
2019-03-29 10:06:11 ERROR SqlExceptionHelper:129 - String or binary data would be truncated.
2019-03-29 10:06:11 ERROR SessionImpl:2925 - HHH000346: Error during managed flush [could not execute statement]
2019-03-29 10:19:10 ERROR SqlExceptionHelper:129 - Data truncation
2019-03-29 10:19:10 ERROR SqlExceptionHelper:129 - String or binary data would be truncated.
2019-03-29 10:19:10 ERROR SessionImpl:2925 - HHH000346: Error during managed flush [could not execute statement]
2019-03-29 10:19:16 ERROR SqlExceptionHelper:129 - Data truncation
2019-03-29 10:19:16 ERROR SqlExceptionHelper:129 - String or binary data would be truncated.
2019-03-29 10:19:16 ERROR SessionImpl:2925 - HHH000346: Error during managed flush [could not execute statement]
2019-03-29 10:20:19 ERROR SqlExceptionHelper:129 - Data truncation
2019-03-29 10:20:19 ERROR SqlExceptionHelper:129 - String or binary data would be truncated.
2019-03-29 10:20:19 ERROR SessionImpl:2925 - HHH000346: Error during managed flush [could not execute statement]
2019-03-29 10:21:08 ERROR SqlExceptionHelper:129 - Data truncation
2019-03-29 10:21:08 ERROR SqlExceptionHelper:129 - String or binary data would be truncated.
2019-03-29 10:21:08 ERROR SessionImpl:2925 - HHH000346: Error during managed flush [could not execute statement]
2019-03-29 10:21:40 ERROR SqlExceptionHelper:129 - Data truncation
2019-03-29 10:21:40 ERROR SqlExceptionHelper:129 - String or binary data would be truncated.
2019-03-29 10:21:40 ERROR SessionImpl:2925 - HHH000346: Error during managed flush [could not execute statement]
2019-03-29 10:21:44 ERROR SqlExceptionHelper:129 - Data truncation
2019-03-29 10:21:44 ERROR SqlExceptionHelper:129 - String or binary data would be truncated.
2019-03-29 10:21:44 ERROR SessionImpl:2925 - HHH000346: Error during managed flush [could not execute statement]
2019-03-29 10:38:21 ERROR SqlExceptionHelper:129 - Data truncation
2019-03-29 10:38:21 ERROR SqlExceptionHelper:129 - String or binary data would be truncated.
2019-03-29 10:38:21 ERROR SessionImpl:2925 - HHH000346: Error during managed flush [could not execute statement]
2019-03-29 10:38:51 ERROR SqlExceptionHelper:129 - Data truncation
2019-03-29 10:38:51 ERROR SqlExceptionHelper:129 - String or binary data would be truncated.
2019-03-29 10:38:51 ERROR SessionImpl:2925 - HHH000346: Error during managed flush [could not execute statement]
2019-03-29 10:39:22 ERROR SqlExceptionHelper:129 - Data truncation
2019-03-29 10:39:22 ERROR SqlExceptionHelper:129 - String or binary data would be truncated.
2019-03-29 10:39:22 ERROR SessionImpl:2925 - HHH000346: Error during managed flush [could not execute statement]
2019-03-29 10:39:55 ERROR SqlExceptionHelper:129 - Data truncation
2019-03-29 10:39:55 ERROR SqlExceptionHelper:129 - String or binary data would be truncated.
2019-03-29 10:39:55 ERROR SessionImpl:2925 - HHH000346: Error during managed flush [could not execute statement]
2019-03-29 10:42:21 ERROR SqlExceptionHelper:129 - Data truncation
2019-03-29 10:42:21 ERROR SqlExceptionHelper:129 - String or binary data would be truncated.
2019-03-29 10:42:21 ERROR SessionImpl:2925 - HHH000346: Error during managed flush [could not execute statement]
2019-03-29 10:57:36 ERROR SqlExceptionHelper:129 - Parameter #1 has not been set.
2019-03-29 10:57:36 ERROR SqlExceptionHelper:129 - Parameter #1 has not been set.
2019-03-29 10:58:00 ERROR SqlExceptionHelper:129 - Parameter #1 has not been set.
2019-03-29 10:58:01 ERROR SqlExceptionHelper:129 - Parameter #1 has not been set.
2019-03-29 10:58:31 ERROR SqlExceptionHelper:129 - Parameter #1 has not been set.
2019-03-29 10:58:31 ERROR SqlExceptionHelper:129 - Parameter #1 has not been set.
2019-03-29 10:59:00 ERROR SqlExceptionHelper:129 - Parameter #1 has not been set.
2019-03-29 10:59:00 ERROR SqlExceptionHelper:129 - Parameter #1 has not been set.
2019-03-29 10:59:30 ERROR SqlExceptionHelper:129 - Parameter #1 has not been set.
2019-03-29 10:59:30 ERROR SqlExceptionHelper:129 - Parameter #1 has not been set.
2019-03-29 11:00:00 ERROR SqlExceptionHelper:129 - Parameter #1 has not been set.
2019-03-29 11:00:01 ERROR SqlExceptionHelper:129 - Parameter #1 has not been set.
2019-03-29 11:00:30 ERROR SqlExceptionHelper:129 - Parameter #1 has not been set.
2019-03-29 11:00:31 ERROR SqlExceptionHelper:129 - Parameter #1 has not been set.
2019-03-29 18:07:56 ERROR SqlExceptionHelper:129 - Invalid column name 'PE_CODE'.
2019-03-29 18:08:26 ERROR SqlExceptionHelper:129 - Invalid column name 'PE_CODE'.
2019-04-01 10:16:49 ERROR SqlExceptionHelper:129 - Invalid column name 'message'.
2019-04-01 11:56:22 ERROR smslib:1602 - Error while starting Gateway: MobileBanker
java.lang.InterruptedException
	at org.smslib.modem.AModemDriver$CharQueue.peek(AModemDriver.java:570)
	at org.smslib.modem.AModemDriver.getResponse(AModemDriver.java:332)
	at org.smslib.modem.AModemDriver.getResponse(AModemDriver.java:313)
	at org.smslib.modem.athandler.ATHandler.init(ATHandler.java:122)
	at org.smslib.modem.AModemDriver.connect(AModemDriver.java:166)
	at org.smslib.modem.ModemGateway.startGateway(ModemGateway.java:189)
	at org.smslib.Service$WatchDog.process(Service.java:1597)
	at org.smslib.threading.AServiceThread.run(AServiceThread.java:105)
2019-06-07 11:21:00 ERROR SessionFactoryUtil:95 - org.hibernate.service.spi.ServiceException: Unable to create requested service [org.hibernate.engine.jdbc.env.spi.JdbcEnvironment]
2019-06-10 16:31:41 ERROR SessionFactoryUtil:95 - org.hibernate.service.spi.ServiceException: Unable to create requested service [org.hibernate.engine.jdbc.env.spi.JdbcEnvironment]
2019-06-10 17:41:09 ERROR SqlExceptionHelper:129 - Parameter #1 has not been set.
2019-06-10 17:41:10 ERROR SqlExceptionHelper:129 - Parameter #1 has not been set.
2019-06-20 09:56:54 ERROR SessionFactoryUtil:95 - org.hibernate.service.spi.ServiceException: Unable to create requested service [org.hibernate.engine.jdbc.env.spi.JdbcEnvironment]
2019-06-20 10:24:50 ERROR SessionFactoryUtil:95 - org.hibernate.service.spi.ServiceException: Unable to create requested service [org.hibernate.engine.jdbc.env.spi.JdbcEnvironment]
2019-07-03 14:45:14 ERROR SessionFactoryUtil:95 - org.hibernate.service.spi.ServiceException: Unable to create requested service [org.hibernate.engine.jdbc.env.spi.JdbcEnvironment]
2019-07-04 11:46:58 ERROR SessionFactoryUtil:95 - org.hibernate.service.spi.ServiceException: Unable to create requested service [org.hibernate.engine.jdbc.env.spi.JdbcEnvironment]
2019-07-04 13:12:09 ERROR SessionFactoryUtil:95 - org.hibernate.service.spi.ServiceException: Unable to create requested service [org.hibernate.engine.jdbc.env.spi.JdbcEnvironment]
2019-07-04 13:12:14 ERROR SessionFactoryUtil:95 - org.hibernate.service.spi.ServiceException: Unable to create requested service [org.hibernate.engine.jdbc.env.spi.JdbcEnvironment]
2019-07-04 13:16:24 ERROR SessionFactoryUtil:95 - org.hibernate.service.spi.ServiceException: Unable to create requested service [org.hibernate.engine.jdbc.env.spi.JdbcEnvironment]
2019-07-04 13:16:33 ERROR SessionFactoryUtil:95 - org.hibernate.service.spi.ServiceException: Unable to create requested service [org.hibernate.engine.jdbc.env.spi.JdbcEnvironment]
2019-07-04 13:18:11 ERROR SessionFactoryUtil:95 - org.hibernate.service.spi.ServiceException: Unable to create requested service [org.hibernate.engine.jdbc.env.spi.JdbcEnvironment]
2019-07-05 09:34:12 ERROR SqlExceptionHelper:129 - Parameter #1 has not been set.
2019-07-05 09:34:12 ERROR SqlExceptionHelper:129 - Parameter #1 has not been set.
2019-07-05 09:35:44 ERROR SqlExceptionHelper:129 - Parameter #1 has not been set.
2019-07-05 09:35:44 ERROR SqlExceptionHelper:129 - Parameter #1 has not been set.
2019-07-05 09:36:18 ERROR SqlExceptionHelper:129 - There is already an object named 'SMS_RECEIVED' in the database.
2019-07-05 09:36:26 ERROR SqlExceptionHelper:129 - There is already an object named 'SMS_SENT' in the database.
2019-07-05 09:37:55 ERROR SqlExceptionHelper:129 - Parameter #1 has not been set.
2019-07-05 09:37:55 ERROR SqlExceptionHelper:129 - Parameter #1 has not been set.
2019-07-05 09:43:53 ERROR SqlExceptionHelper:129 - Parameter #1 has not been set.
2019-07-05 09:43:54 ERROR SqlExceptionHelper:129 - Parameter #1 has not been set.
2019-07-05 10:05:49 ERROR SqlExceptionHelper:129 - Parameter #1 has not been set.
2019-07-05 10:05:49 ERROR SqlExceptionHelper:129 - Parameter #1 has not been set.
2019-07-05 10:32:37 ERROR SqlExceptionHelper:129 - Parameter #1 has not been set.
2019-07-05 10:32:38 ERROR SqlExceptionHelper:129 - Parameter #1 has not been set.
2019-07-23 11:41:57 ERROR SqlExceptionHelper:129 - Parameter #1 has not been set.
2019-07-23 11:41:57 ERROR SqlExceptionHelper:129 - Parameter #1 has not been set.
2019-07-23 11:43:19 ERROR SqlExceptionHelper:129 - Parameter #1 has not been set.
2019-07-23 11:43:19 ERROR SqlExceptionHelper:129 - Parameter #1 has not been set.
2019-08-26 12:08:22 ERROR SessionFactoryUtil:95 - org.hibernate.service.spi.ServiceException: Unable to create requested service [org.hibernate.engine.jdbc.env.spi.JdbcEnvironment]
2019-08-30 13:43:35 ERROR SessionFactoryUtil:95 - org.hibernate.service.spi.ServiceException: Unable to create requested service [org.hibernate.engine.jdbc.env.spi.JdbcEnvironment]
2019-08-30 13:45:06 ERROR SessionFactoryUtil:95 - org.hibernate.service.spi.ServiceException: Unable to create requested service [org.hibernate.engine.jdbc.env.spi.JdbcEnvironment]
2019-08-30 13:47:23 ERROR SessionFactoryUtil:95 - org.hibernate.service.spi.ServiceException: Unable to create requested service [org.hibernate.engine.jdbc.env.spi.JdbcEnvironment]
2019-08-30 13:48:24 ERROR SessionFactoryUtil:95 - org.hibernate.service.spi.ServiceException: Unable to create requested service [org.hibernate.engine.jdbc.env.spi.JdbcEnvironment]
2019-09-02 22:05:23 ERROR SessionFactoryUtil:95 - org.hibernate.service.spi.ServiceException: Unable to create requested service [org.hibernate.engine.jdbc.env.spi.JdbcEnvironment]
2019-09-02 22:06:22 ERROR SessionFactoryUtil:95 - org.hibernate.service.spi.ServiceException: Unable to create requested service [org.hibernate.engine.jdbc.env.spi.JdbcEnvironment]
2019-09-11 07:33:27 ERROR SessionFactoryUtil:95 - org.hibernate.service.spi.ServiceException: Unable to create requested service [org.hibernate.engine.jdbc.env.spi.JdbcEnvironment]
2019-09-11 07:35:37 ERROR SessionFactoryUtil:95 - org.hibernate.service.spi.ServiceException: Unable to create requested service [org.hibernate.engine.jdbc.env.spi.JdbcEnvironment]
2019-09-16 09:53:08 ERROR SessionFactoryUtil:95 - org.hibernate.service.spi.ServiceException: Unable to create requested service [org.hibernate.engine.jdbc.env.spi.JdbcEnvironment]
2019-09-16 10:25:31 ERROR SessionFactoryUtil:95 - org.hibernate.service.spi.ServiceException: Unable to create requested service [org.hibernate.engine.jdbc.env.spi.JdbcEnvironment]
2019-09-16 10:25:36 ERROR SessionFactoryUtil:95 - org.hibernate.service.spi.ServiceException: Unable to create requested service [org.hibernate.engine.jdbc.env.spi.JdbcEnvironment]
2019-09-16 10:25:36 ERROR SessionFactoryUtil:95 - org.hibernate.service.spi.ServiceException: Unable to create requested service [org.hibernate.engine.jdbc.env.spi.JdbcEnvironment]
2019-09-16 10:25:36 ERROR SessionFactoryUtil:95 - org.hibernate.service.spi.ServiceException: Unable to create requested service [org.hibernate.engine.jdbc.env.spi.JdbcEnvironment]
2019-09-16 10:25:36 ERROR SessionFactoryUtil:95 - org.hibernate.service.spi.ServiceException: Unable to create requested service [org.hibernate.engine.jdbc.env.spi.JdbcEnvironment]
2019-10-08 12:38:13 ERROR SessionFactoryUtil:95 - org.hibernate.service.spi.ServiceException: Unable to create requested service [org.hibernate.engine.jdbc.env.spi.JdbcEnvironment]
2019-10-08 12:40:14 ERROR SessionFactoryUtil:95 - org.hibernate.service.spi.ServiceException: Unable to create requested service [org.hibernate.engine.jdbc.env.spi.JdbcEnvironment]
2019-12-02 21:17:19 ERROR SqlExceptionHelper:129 - Parameter #1 has not been set.
2019-12-02 21:17:19 ERROR SqlExceptionHelper:129 - Parameter #1 has not been set.
2019-12-02 21:17:38 ERROR SqlExceptionHelper:129 - Parameter #1 has not been set.
2019-12-02 21:17:39 ERROR SqlExceptionHelper:129 - Parameter #1 has not been set.
2020-04-04 09:23:13 ERROR SessionFactoryUtil:95 - org.hibernate.service.spi.ServiceException: Unable to create requested service [org.hibernate.engine.jdbc.env.spi.JdbcEnvironment]
2020-04-04 09:25:00 ERROR SessionFactoryUtil:95 - org.hibernate.service.spi.ServiceException: Unable to create requested service [org.hibernate.engine.jdbc.env.spi.JdbcEnvironment]
2020-04-04 09:25:26 ERROR SessionFactoryUtil:95 - org.hibernate.service.spi.ServiceException: Unable to create requested service [org.hibernate.engine.jdbc.env.spi.JdbcEnvironment]
2020-04-04 09:31:35 ERROR SessionFactoryUtil:95 - org.hibernate.service.spi.ServiceException: Unable to create requested service [org.hibernate.engine.jdbc.env.spi.JdbcEnvironment]
2020-05-04 11:11:59 ERROR SessionFactoryUtil:95 - org.hibernate.service.spi.ServiceException: Unable to create requested service [org.hibernate.engine.jdbc.env.spi.JdbcEnvironment]
2020-09-03 20:12:08 ERROR SqlExceptionHelper:129 - Parameter #1 has not been set.
2020-09-03 20:12:08 ERROR SqlExceptionHelper:129 - Parameter #1 has not been set.
2020-09-03 20:17:19 ERROR SqlExceptionHelper:129 - Parameter #1 has not been set.
2020-09-03 20:17:20 ERROR SqlExceptionHelper:129 - Parameter #1 has not been set.
2020-09-03 20:18:10 ERROR SqlExceptionHelper:129 - Parameter #1 has not been set.
2020-09-03 20:18:10 ERROR SqlExceptionHelper:129 - Parameter #1 has not been set.
2020-09-04 15:09:05 ERROR SqlExceptionHelper:129 - Parameter #1 has not been set.
2020-09-04 15:09:06 ERROR SqlExceptionHelper:129 - Parameter #1 has not been set.
2020-09-04 17:02:10 ERROR SqlExceptionHelper:129 - Parameter #1 has not been set.
2020-09-04 17:02:10 ERROR SqlExceptionHelper:129 - Parameter #1 has not been set.
2020-09-04 17:03:10 ERROR SqlExceptionHelper:129 - Parameter #1 has not been set.
2020-09-04 17:03:11 ERROR SqlExceptionHelper:129 - Parameter #1 has not been set.
2020-11-24 21:44:40 ERROR SessionFactoryUtil:95 - org.hibernate.service.spi.ServiceException: Unable to create requested service [org.hibernate.engine.jdbc.env.spi.JdbcEnvironment]
2020-11-24 21:51:08 ERROR SessionFactoryUtil:95 - org.hibernate.service.spi.ServiceException: Unable to create requested service [org.hibernate.engine.jdbc.env.spi.JdbcEnvironment]
2020-11-24 21:51:50 ERROR SessionFactoryUtil:95 - org.hibernate.service.spi.ServiceException: Unable to create requested service [org.hibernate.engine.jdbc.env.spi.JdbcEnvironment]
2020-11-24 21:52:00 ERROR SessionFactoryUtil:95 - org.hibernate.service.spi.ServiceException: Unable to create requested service [org.hibernate.engine.jdbc.env.spi.JdbcEnvironment]
2020-11-24 21:54:52 ERROR SqlExceptionHelper:129 - Parameter #1 has not been set.
2020-11-24 21:54:53 ERROR SqlExceptionHelper:129 - Parameter #1 has not been set.
2020-11-24 22:02:14 ERROR SqlExceptionHelper:129 - Parameter #1 has not been set.
2020-11-24 22:02:15 ERROR SqlExceptionHelper:129 - Parameter #1 has not been set.
2020-11-24 22:03:15 ERROR SqlExceptionHelper:129 - Parameter #1 has not been set.
2020-11-24 22:03:16 ERROR SqlExceptionHelper:129 - Parameter #1 has not been set.
2020-11-24 22:09:46 ERROR SqlExceptionHelper:129 - Conversion failed when converting character string to smalldatetime data type.
2020-11-24 22:09:47 ERROR SqlExceptionHelper:129 - Conversion failed when converting character string to smalldatetime data type.
2020-12-21 07:54:05 ERROR SessionFactoryUtil:95 - org.hibernate.service.spi.ServiceException: Unable to create requested service [org.hibernate.engine.jdbc.env.spi.JdbcEnvironment]
2021-01-03 23:31:18 ERROR SessionFactoryUtil:95 - org.hibernate.service.spi.ServiceException: Unable to create requested service [org.hibernate.engine.jdbc.env.spi.JdbcEnvironment]
2021-01-07 22:51:01 ERROR SessionFactoryUtil:95 - org.hibernate.service.spi.ServiceException: Unable to create requested service [org.hibernate.engine.jdbc.env.spi.JdbcEnvironment]
2021-01-07 22:51:05 ERROR SessionFactoryUtil:95 - org.hibernate.service.spi.ServiceException: Unable to create requested service [org.hibernate.engine.jdbc.env.spi.JdbcEnvironment]
2021-01-07 22:55:44 ERROR SessionFactoryUtil:95 - org.hibernate.service.spi.ServiceException: Unable to create requested service [org.hibernate.engine.jdbc.env.spi.JdbcEnvironment]
